#
# There is insufficient memory for the Java Runtime Environment to continue.
# Native memory allocation (malloc) failed to allocate 713936 bytes for Chunk::new
# Possible reasons:
#   The system is out of physical RAM or swap space
#   In 32 bit mode, the process size limit was hit
# Possible solutions:
#   Reduce memory load on the system
#   Increase physical memory or swap space
#   Check if swap backing store is full
#   Use 64 bit Java on a 64 bit OS
#   Decrease Java heap size (-Xmx/-Xms)
#   Decrease number of Java threads
#   Decrease Java thread stack sizes (-Xss)
#   Set larger code cache with -XX:ReservedCodeCacheSize=
# This output file may be truncated or incomplete.
#
#  Out of Memory Error (allocation.cpp:390), pid=7872, tid=0x00000000000015f4
#
# JRE version: Java(TM) SE Runtime Environment (8.0_181-b13) (build 1.8.0_181-b13)
# Java VM: Java HotSpot(TM) 64-Bit Server VM (25.181-b13 mixed mode windows-amd64 compressed oops)
# Failed to write core dump. Minidumps are not enabled by default on client versions of Windows
#

---------------  T H R E A D  ---------------

Current thread (0x000000001809a000):  JavaThread "C2 CompilerThread0" daemon [_thread_in_native, id=5620, stack(0x00000000196f0000,0x00000000197f0000)]

Stack: [0x00000000196f0000,0x00000000197f0000]
[error occurred during error reporting (printing stack bounds), id 0xc0000005]

Native frames: (J=compiled Java code, j=interpreted, Vv=VM code, C=native code)


Current CompileTask:
C2:  12836 3005       4       groovy.lang.MetaClassImpl$1MOPIter::methodNameAction (479 bytes)


---------------  P R O C E S S  ---------------

Java Threads: ( => current thread )
  0x000000001be44000 JavaThread "Okio Watchdog" daemon [_thread_blocked, id=6428, stack(0x0000000023a60000,0x0000000023b60000)]
  0x000000001be43000 JavaThread "OkHttp ConnectionPool" daemon [_thread_blocked, id=5992, stack(0x0000000023960000,0x0000000023a60000)]
  0x000000001be42800 JavaThread "ForkJoinPool.commonPool-worker-2" daemon [_thread_blocked, id=10300, stack(0x0000000023760000,0x0000000023860000)]
  0x000000001be3a800 JavaThread "ForkJoinPool.commonPool-worker-1" daemon [_thread_blocked, id=3696, stack(0x00000000223c0000,0x00000000224c0000)]
  0x000000001be41800 JavaThread "Exec Stream Pumper" daemon [_thread_in_native, id=7796, stack(0x0000000020e10000,0x0000000020f10000)]
  0x000000001be3d800 JavaThread "Exec Stream Pumper" daemon [_thread_in_native, id=12160, stack(0x0000000020d10000,0x0000000020e10000)]
  0x000000001be3a000 JavaThread "UrlChecker-2" daemon [_thread_blocked, id=7636, stack(0x00000000221c0000,0x00000000222c0000)]
  0x000000001be3b800 JavaThread "Exec Default Executor" daemon [_thread_in_native, id=8980, stack(0x00000000220c0000,0x00000000221c0000)]
  0x000000001be3e800 JavaThread "qtp605982374-25" [_thread_blocked, id=532, stack(0x0000000020a10000,0x0000000020b10000)]
  0x000000001be40000 JavaThread "qtp605982374-24" [_thread_in_native, id=8056, stack(0x0000000020610000,0x0000000020710000)]
  0x000000001be41000 JavaThread "qtp605982374-23" [_thread_blocked, id=6976, stack(0x0000000020710000,0x0000000020810000)]
  0x000000001dee3800 JavaThread "Scheduler-638486177" [_thread_blocked, id=7832, stack(0x000000001fe50000,0x000000001ff50000)]
  0x000000001dee1800 JavaThread "org.eclipse.jetty.server.session.HashSessionManager@3d484181Timer" daemon [_thread_blocked, id=11896, stack(0x000000001ffd0000,0x00000000200d0000)]
  0x000000001dee2000 JavaThread "qtp605982374-19" [_thread_in_native, id=7448, stack(0x000000001fd50000,0x000000001fe50000)]
  0x000000001dee7800 JavaThread "qtp605982374-18" [_thread_blocked, id=2460, stack(0x000000001fc50000,0x000000001fd50000)]
  0x000000001dee5000 JavaThread "qtp605982374-17-acceptor-0@232fdefb-ServerConnector@2de824ee{HTTP/1.1,[http/1.1]}{0.0.0.0:50001}" [_thread_in_native, id=2760, stack(0x000000001fb50000,0x000000001fc50000)]
  0x000000001dee6800 JavaThread "qtp605982374-16" [_thread_in_native, id=808, stack(0x000000001fa50000,0x000000001fb50000)]
  0x000000001dee4800 JavaThread "qtp605982374-15" [_thread_in_native, id=8796, stack(0x000000001e8e0000,0x000000001e9e0000)]
  0x000000001dee6000 JavaThread "qtp605982374-14-acceptor-0@5fe24b03-ServerConnector@5125ae8f{HTTP/1.1,[http/1.1]}{0.0.0.0:12954}" [_thread_in_native, id=2844, stack(0x000000001e6e0000,0x000000001e7e0000)]
  0x000000001dee3000 JavaThread "qtp605982374-13" [_thread_blocked, id=8844, stack(0x000000001e5e0000,0x000000001e6e0000)]
  0x000000001dee0800 JavaThread "qtp605982374-12" [_thread_blocked, id=7772, stack(0x000000001c990000,0x000000001ca90000)]
  0x00000000180ce800 JavaThread "Service Thread" daemon [_thread_blocked, id=9052, stack(0x0000000019df0000,0x0000000019ef0000)]
  0x00000000180ad000 JavaThread "C1 CompilerThread2" daemon [_thread_blocked, id=8856, stack(0x00000000198f0000,0x00000000199f0000)]
  0x00000000180a5000 JavaThread "C2 CompilerThread1" daemon [_thread_in_native, id=8260, stack(0x00000000197f0000,0x00000000198f0000)]
=>0x000000001809a000 JavaThread "C2 CompilerThread0" daemon [_thread_in_native, id=5620, stack(0x00000000196f0000,0x00000000197f0000)]
  0x0000000018098800 JavaThread "Attach Listener" daemon [_thread_blocked, id=5304, stack(0x00000000195f0000,0x00000000196f0000)]
  0x0000000018097800 JavaThread "Signal Dispatcher" daemon [_thread_blocked, id=4248, stack(0x00000000194f0000,0x00000000195f0000)]
  0x000000001806d800 JavaThread "Finalizer" daemon [_thread_blocked, id=7808, stack(0x00000000192d0000,0x00000000193d0000)]
  0x0000000018062800 JavaThread "Reference Handler" daemon [_thread_blocked, id=5460, stack(0x00000000191d0000,0x00000000192d0000)]
  0x00000000032c7800 JavaThread "main" [_thread_in_vm, id=4168, stack(0x0000000003170000,0x0000000003270000)]

Other Threads:
  0x000000001803c000 VMThread [stack: 0x00000000190d0000,0x00000000191d0000] [id=7016]
  0x0000000019a94800 WatcherThread [stack: 0x0000000019ef0000,0x0000000019ff0000] [id=9532]

VM state:not at safepoint (normal execution)

VM Mutex/Monitor currently owned by a thread: None

Heap:
 PSYoungGen      total 141312K, used 105985K [0x00000000d5580000, 0x00000000e3000000, 0x0000000100000000)
  eden space 131072K, 73% used [0x00000000d5580000,0x00000000db304020,0x00000000dd580000)
  from space 10240K, 99% used [0x00000000dd580000,0x00000000ddf7c5d0,0x00000000ddf80000)
  to   space 11776K, 0% used [0x00000000e2480000,0x00000000e2480000,0x00000000e3000000)
 ParOldGen       total 64512K, used 13138K [0x0000000080000000, 0x0000000083f00000, 0x00000000d5580000)
  object space 64512K, 20% used [0x0000000080000000,0x0000000080cd4948,0x0000000083f00000)
 Metaspace       used 34149K, capacity 35076K, committed 35200K, reserved 1079296K
  class space    used 4146K, capacity 4398K, committed 4480K, reserved 1048576K

Card table byte_map: [0x0000000012810000,0x0000000012c20000] byte_map_base: 0x0000000012410000

Marking Bits: (ParMarkBitMap*) 0x000000006d0c2d00
 Begin Bits: [0x00000000132d0000, 0x00000000152d0000)
 End Bits:   [0x00000000152d0000, 0x00000000172d0000)

Polling page: 0x0000000003270000

CodeCache: size=245760Kb used=10939Kb max_used=11576Kb free=234821Kb
 bounds [0x0000000003450000, 0x0000000003fb0000, 0x0000000012450000]
 total_blobs=3388 nmethods=2684 adapters=615
 compilation: enabled

Compilation events (10 events):
Event: 12.782 Thread 0x00000000180ad000 nmethod 3008 0x0000000003a95cd0 code [0x0000000003a96160, 0x0000000003a994b8]
Event: 12.782 Thread 0x00000000180ad000 3009       3       groovy.lang.MetaClassImpl$Index::put (10 bytes)
Event: 12.783 Thread 0x00000000180ad000 nmethod 3009 0x0000000003a95850 code [0x0000000003a959c0, 0x0000000003a95be8]
Event: 12.784 Thread 0x00000000180a5000 nmethod 3010 0x0000000003a95110 code [0x0000000003a95260, 0x0000000003a95608]
Event: 12.784 Thread 0x00000000180a5000 3011       4       org.codehaus.groovy.util.ManagedReference::get (10 bytes)
Event: 12.785 Thread 0x00000000180a5000 nmethod 3011 0x00000000036787d0 code [0x0000000003678920, 0x00000000036789f8]
Event: 12.792 Thread 0x00000000180ad000 3012   !   3       java.lang.ClassLoader::definePackage (77 bytes)
Event: 12.793 Thread 0x00000000180ad000 nmethod 3012 0x0000000003821ed0 code [0x0000000003822080, 0x0000000003822718]
Event: 12.793 Thread 0x00000000180ad000 3013       3       java.net.URLClassLoader::definePackage (271 bytes)
Event: 12.795 Thread 0x00000000180ad000 nmethod 3013 0x000000000378c990 code [0x000000000378ce20, 0x000000000378fd28]

GC Heap History (10 events):
Event: 2.215 GC heap before
{Heap before GC invocations=4 (full 0):
 PSYoungGen      total 37888K, used 37884K [0x00000000d5580000, 0x00000000d9f80000, 0x0000000100000000)
  eden space 32768K, 100% used [0x00000000d5580000,0x00000000d7580000,0x00000000d7580000)
  from space 5120K, 99% used [0x00000000d7580000,0x00000000d7a7f0e8,0x00000000d7a80000)
  to   space 5120K, 0% used [0x00000000d9a80000,0x00000000d9a80000,0x00000000d9f80000)
 ParOldGen       total 86016K, used 680K [0x0000000080000000, 0x0000000085400000, 0x00000000d5580000)
  object space 86016K, 0% used [0x0000000080000000,0x00000000800aa220,0x0000000085400000)
 Metaspace       used 15436K, capacity 15626K, committed 15872K, reserved 1062912K
  class space    used 1644K, capacity 1739K, committed 1792K, reserved 1048576K
Event: 2.223 GC heap after
Heap after GC invocations=4 (full 0):
 PSYoungGen      total 70656K, used 5101K [0x00000000d5580000, 0x00000000d9f80000, 0x0000000100000000)
  eden space 65536K, 0% used [0x00000000d5580000,0x00000000d5580000,0x00000000d9580000)
  from space 5120K, 99% used [0x00000000d9a80000,0x00000000d9f7b6f8,0x00000000d9f80000)
  to   space 5120K, 0% used [0x00000000d9580000,0x00000000d9580000,0x00000000d9a80000)
 ParOldGen       total 86016K, used 3025K [0x0000000080000000, 0x0000000085400000, 0x00000000d5580000)
  object space 86016K, 3% used [0x0000000080000000,0x00000000802f4550,0x0000000085400000)
 Metaspace       used 15436K, capacity 15626K, committed 15872K, reserved 1062912K
  class space    used 1644K, capacity 1739K, committed 1792K, reserved 1048576K
}
Event: 3.121 GC heap before
{Heap before GC invocations=5 (full 0):
 PSYoungGen      total 70656K, used 70637K [0x00000000d5580000, 0x00000000d9f80000, 0x0000000100000000)
  eden space 65536K, 100% used [0x00000000d5580000,0x00000000d9580000,0x00000000d9580000)
  from space 5120K, 99% used [0x00000000d9a80000,0x00000000d9f7b6f8,0x00000000d9f80000)
  to   space 5120K, 0% used [0x00000000d9580000,0x00000000d9580000,0x00000000d9a80000)
 ParOldGen       total 86016K, used 3025K [0x0000000080000000, 0x0000000085400000, 0x00000000d5580000)
  object space 86016K, 3% used [0x0000000080000000,0x00000000802f4550,0x0000000085400000)
 Metaspace       used 20112K, capacity 20350K, committed 20608K, reserved 1067008K
  class space    used 2249K, capacity 2333K, committed 2432K, reserved 1048576K
Event: 3.134 GC heap after
Heap after GC invocations=5 (full 0):
 PSYoungGen      total 70656K, used 5092K [0x00000000d5580000, 0x00000000dea80000, 0x0000000100000000)
  eden space 65536K, 0% used [0x00000000d5580000,0x00000000d5580000,0x00000000d9580000)
  from space 5120K, 99% used [0x00000000d9580000,0x00000000d9a79118,0x00000000d9a80000)
  to   space 10752K, 0% used [0x00000000de000000,0x00000000de000000,0x00000000dea80000)
 ParOldGen       total 86016K, used 8385K [0x0000000080000000, 0x0000000085400000, 0x00000000d5580000)
  object space 86016K, 9% used [0x0000000080000000,0x0000000080830568,0x0000000085400000)
 Metaspace       used 20112K, capacity 20350K, committed 20608K, reserved 1067008K
  class space    used 2249K, capacity 2333K, committed 2432K, reserved 1048576K
}
Event: 3.301 GC heap before
{Heap before GC invocations=6 (full 0):
 PSYoungGen      total 70656K, used 18120K [0x00000000d5580000, 0x00000000dea80000, 0x0000000100000000)
  eden space 65536K, 19% used [0x00000000d5580000,0x00000000d62390b0,0x00000000d9580000)
  from space 5120K, 99% used [0x00000000d9580000,0x00000000d9a79118,0x00000000d9a80000)
  to   space 10752K, 0% used [0x00000000de000000,0x00000000de000000,0x00000000dea80000)
 ParOldGen       total 86016K, used 8385K [0x0000000080000000, 0x0000000085400000, 0x00000000d5580000)
  object space 86016K, 9% used [0x0000000080000000,0x0000000080830568,0x0000000085400000)
 Metaspace       used 20785K, capacity 21094K, committed 21296K, reserved 1069056K
  class space    used 2329K, capacity 2406K, committed 2432K, reserved 1048576K
Event: 3.312 GC heap after
Heap after GC invocations=6 (full 0):
 PSYoungGen      total 140800K, used 6463K [0x00000000d5580000, 0x00000000de980000, 0x0000000100000000)
  eden space 131072K, 0% used [0x00000000d5580000,0x00000000d5580000,0x00000000dd580000)
  from space 9728K, 66% used [0x00000000de000000,0x00000000de64fd30,0x00000000de980000)
  to   space 10240K, 0% used [0x00000000dd580000,0x00000000dd580000,0x00000000ddf80000)
 ParOldGen       total 86016K, used 8393K [0x0000000080000000, 0x0000000085400000, 0x00000000d5580000)
  object space 86016K, 9% used [0x0000000080000000,0x0000000080832568,0x0000000085400000)
 Metaspace       used 20785K, capacity 21094K, committed 21296K, reserved 1069056K
  class space    used 2329K, capacity 2406K, committed 2432K, reserved 1048576K
}
Event: 3.312 GC heap before
{Heap before GC invocations=7 (full 1):
 PSYoungGen      total 140800K, used 6463K [0x00000000d5580000, 0x00000000de980000, 0x0000000100000000)
  eden space 131072K, 0% used [0x00000000d5580000,0x00000000d5580000,0x00000000dd580000)
  from space 9728K, 66% used [0x00000000de000000,0x00000000de64fd30,0x00000000de980000)
  to   space 10240K, 0% used [0x00000000dd580000,0x00000000dd580000,0x00000000ddf80000)
 ParOldGen       total 86016K, used 8393K [0x0000000080000000, 0x0000000085400000, 0x00000000d5580000)
  object space 86016K, 9% used [0x0000000080000000,0x0000000080832568,0x0000000085400000)
 Metaspace       used 20785K, capacity 21094K, committed 21296K, reserved 1069056K
  class space    used 2329K, capacity 2406K, committed 2432K, reserved 1048576K
Event: 3.375 GC heap after
Heap after GC invocations=7 (full 1):
 PSYoungGen      total 140800K, used 0K [0x00000000d5580000, 0x00000000de980000, 0x0000000100000000)
  eden space 131072K, 0% used [0x00000000d5580000,0x00000000d5580000,0x00000000dd580000)
  from space 9728K, 0% used [0x00000000de000000,0x00000000de000000,0x00000000de980000)
  to   space 10240K, 0% used [0x00000000dd580000,0x00000000dd580000,0x00000000ddf80000)
 ParOldGen       total 64512K, used 12606K [0x0000000080000000, 0x0000000083f00000, 0x00000000d5580000)
  object space 64512K, 19% used [0x0000000080000000,0x0000000080c4f8f0,0x0000000083f00000)
 Metaspace       used 20785K, capacity 21094K, committed 21296K, reserved 1069056K
  class space    used 2329K, capacity 2406K, committed 2432K, reserved 1048576K
}
Event: 5.866 GC heap before
{Heap before GC invocations=8 (full 1):
 PSYoungGen      total 140800K, used 131072K [0x00000000d5580000, 0x00000000de980000, 0x0000000100000000)
  eden space 131072K, 100% used [0x00000000d5580000,0x00000000dd580000,0x00000000dd580000)
  from space 9728K, 0% used [0x00000000de000000,0x00000000de000000,0x00000000de980000)
  to   space 10240K, 0% used [0x00000000dd580000,0x00000000dd580000,0x00000000ddf80000)
 ParOldGen       total 64512K, used 12606K [0x0000000080000000, 0x0000000083f00000, 0x00000000d5580000)
  object space 64512K, 19% used [0x0000000080000000,0x0000000080c4f8f0,0x0000000083f00000)
 Metaspace       used 26681K, capacity 27082K, committed 27392K, reserved 1073152K
  class space    used 3134K, capacity 3264K, committed 3328K, reserved 1048576K
Event: 5.880 GC heap after
Heap after GC invocations=8 (full 1):
 PSYoungGen      total 141312K, used 10225K [0x00000000d5580000, 0x00000000e3000000, 0x0000000100000000)
  eden space 131072K, 0% used [0x00000000d5580000,0x00000000d5580000,0x00000000dd580000)
  from space 10240K, 99% used [0x00000000dd580000,0x00000000ddf7c5d0,0x00000000ddf80000)
  to   space 11776K, 0% used [0x00000000e2480000,0x00000000e2480000,0x00000000e3000000)
 ParOldGen       total 64512K, used 13138K [0x0000000080000000, 0x0000000083f00000, 0x00000000d5580000)
  object space 64512K, 20% used [0x0000000080000000,0x0000000080cd4948,0x0000000083f00000)
 Metaspace       used 26681K, capacity 27082K, committed 27392K, reserved 1073152K
  class space    used 3134K, capacity 3264K, committed 3328K, reserved 1048576K
}

Deoptimization events (10 events):
Event: 10.760 Thread 0x00000000032c7800 Uncommon trap: reason=class_check action=maybe_recompile pc=0x0000000003f730c4 method=org.openqa.selenium.json.Input.init()V @ 18
Event: 10.761 Thread 0x00000000032c7800 Uncommon trap: reason=class_check action=maybe_recompile pc=0x0000000003f730c4 method=org.openqa.selenium.json.Input.init()V @ 18
Event: 10.761 Thread 0x00000000032c7800 Uncommon trap: reason=class_check action=maybe_recompile pc=0x0000000003f730c4 method=org.openqa.selenium.json.Input.init()V @ 18
Event: 10.853 Thread 0x00000000032c7800 Uncommon trap: reason=unstable_if action=reinterpret pc=0x00000000037e40ac method=java.util.HashMap.getNode(ILjava/lang/Object;)Ljava/util/HashMap$Node; @ 129
Event: 10.853 Thread 0x00000000032c7800 Uncommon trap: reason=bimorphic action=maybe_recompile pc=0x0000000003d4f0f0 method=java.util.HashMap.putVal(ILjava/lang/Object;Ljava/lang/Object;ZZ)Ljava/lang/Object; @ 203
Event: 10.853 Thread 0x00000000032c7800 Uncommon trap: reason=unstable_if action=reinterpret pc=0x00000000037e36d0 method=java.util.HashMap.getNode(ILjava/lang/Object;)Ljava/util/HashMap$Node; @ 129
Event: 10.854 Thread 0x00000000032c7800 Uncommon trap: reason=bimorphic action=maybe_recompile pc=0x0000000003d4f0f0 method=java.util.HashMap.putVal(ILjava/lang/Object;Ljava/lang/Object;ZZ)Ljava/lang/Object; @ 203
Event: 10.854 Thread 0x00000000032c7800 Uncommon trap: reason=bimorphic action=maybe_recompile pc=0x0000000003d4f0f0 method=java.util.HashMap.putVal(ILjava/lang/Object;Ljava/lang/Object;ZZ)Ljava/lang/Object; @ 203
Event: 10.875 Thread 0x00000000032c7800 Uncommon trap: reason=bimorphic action=maybe_recompile pc=0x0000000003d4f0f0 method=java.util.HashMap.putVal(ILjava/lang/Object;Ljava/lang/Object;ZZ)Ljava/lang/Object; @ 203
Event: 10.964 Thread 0x00000000032c7800 Uncommon trap: reason=bimorphic action=maybe_recompile pc=0x0000000003b1a5a0 method=java.net.URL.<init>(Ljava/net/URL;Ljava/lang/String;Ljava/net/URLStreamHandler;)V @ 504

Classes redefined (0 events):
No events

Internal exceptions (10 events):
Event: 12.726 Thread 0x00000000032c7800 Exception <a 'java/security/PrivilegedActionException'> (0x00000000da2c4580) thrown at [C:\re\workspace\8-2-build-windows-amd64-cygwin\jdk8u181\11358\hotspot\src\share\vm\prims\jvm.cpp, line 1435]
Event: 12.726 Thread 0x00000000032c7800 Exception <a 'java/security/PrivilegedActionException'> (0x00000000da2c4b60) thrown at [C:\re\workspace\8-2-build-windows-amd64-cygwin\jdk8u181\11358\hotspot\src\share\vm\prims\jvm.cpp, line 1435]
Event: 12.742 Thread 0x00000000032c7800 Exception <a 'java/lang/ClassNotFoundException': Script1BeanInfo> (0x00000000da43a998) thrown at [C:\re\workspace\8-2-build-windows-amd64-cygwin\jdk8u181\11358\hotspot\src\share\vm\classfile\systemDictionary.cpp, line 210]
Event: 12.745 Thread 0x00000000032c7800 Exception <a 'java/lang/ClassNotFoundException': Script1Customizer> (0x00000000da470d40) thrown at [C:\re\workspace\8-2-build-windows-amd64-cygwin\jdk8u181\11358\hotspot\src\share\vm\classfile\systemDictionary.cpp, line 210]
Event: 12.753 Thread 0x00000000032c7800 Exception <a 'java/lang/ClassNotFoundException': com/kms/katalon/core/webservice/keyword/WSBuiltInKeywordsBeanInfo> (0x00000000da531e48) thrown at [C:\re\workspace\8-2-build-windows-amd64-cygwin\jdk8u181\11358\hotspot\src\share\vm\classfile\systemDictiona
Event: 12.758 Thread 0x00000000032c7800 Exception <a 'java/lang/ClassNotFoundException': com/kms/katalon/core/webservice/keyword/WSBuiltInKeywordsCustomizer> (0x00000000da58c1c8) thrown at [C:\re\workspace\8-2-build-windows-amd64-cygwin\jdk8u181\11358\hotspot\src\share\vm\classfile\systemDictio
Event: 12.773 Thread 0x00000000032c7800 Exception <a 'java/lang/ClassNotFoundException': com/kms/katalon/core/webservice/keyword/builtin/SendRequestKeywordBeanInfo> (0x00000000da941d18) thrown at [C:\re\workspace\8-2-build-windows-amd64-cygwin\jdk8u181\11358\hotspot\src\share\vm\classfile\syste
Event: 12.774 Thread 0x00000000032c7800 Exception <a 'java/lang/ClassNotFoundException': com/kms/katalon/core/webservice/keyword/internal/WebserviceAbstractKeywordBeanInfo> (0x00000000da9a9088) thrown at [C:\re\workspace\8-2-build-windows-amd64-cygwin\jdk8u181\11358\hotspot\src\share\vm\classfi
Event: 12.775 Thread 0x00000000032c7800 Exception <a 'java/lang/ClassNotFoundException': com/kms/katalon/core/webservice/keyword/internal/WebserviceAbstractKeywordCustomizer> (0x00000000daa12648) thrown at [C:\re\workspace\8-2-build-windows-amd64-cygwin\jdk8u181\11358\hotspot\src\share\vm\class
Event: 12.779 Thread 0x00000000032c7800 Exception <a 'java/lang/ClassNotFoundException': com/kms/katalon/core/webservice/keyword/builtin/SendRequestKeywordCustomizer> (0x00000000daa77340) thrown at [C:\re\workspace\8-2-build-windows-amd64-cygwin\jdk8u181\11358\hotspot\src\share\vm\classfile\sys

Events (10 events):
Event: 12.811 loading class com/fasterxml/jackson/core/JsonProcessingException
Event: 12.811 loading class com/fasterxml/jackson/core/JsonProcessingException done
Event: 12.812 Executing VM operation: Deoptimize
Event: 12.812 Executing VM operation: Deoptimize done
Event: 12.812 loading class com/fasterxml/jackson/core/io/SegmentedStringWriter
Event: 12.812 loading class com/fasterxml/jackson/core/io/SegmentedStringWriter done
Event: 12.813 loading class com/fasterxml/jackson/databind/JsonMappingException
Event: 12.813 loading class com/fasterxml/jackson/databind/JsonMappingException done
Event: 12.813 loading class com/fasterxml/jackson/core/util/ByteArrayBuilder
Event: 12.813 loading class com/fasterxml/jackson/core/util/ByteArrayBuilder done


Dynamic libraries:
0x00007ff7cf270000 - 0x00007ff7cf2a7000 	D:\Andres\Downloads\Katalon_Studio_Windows_64-7.8.0\Katalon_Studio_Windows_64-7.8.0\jre\bin\javaw.exe
0x00007ffb468a0000 - 0x00007ffb46a90000 	C:\WINDOWS\SYSTEM32\ntdll.dll
0x00007ffb45b10000 - 0x00007ffb45bc2000 	C:\WINDOWS\System32\KERNEL32.DLL
0x00007ffb43aa0000 - 0x00007ffb43d45000 	C:\WINDOWS\System32\KERNELBASE.dll
0x00007ffb44b70000 - 0x00007ffb44c13000 	C:\WINDOWS\System32\ADVAPI32.dll
0x00007ffb45f30000 - 0x00007ffb45fce000 	C:\WINDOWS\System32\msvcrt.dll
0x00007ffb44ad0000 - 0x00007ffb44b67000 	C:\WINDOWS\System32\sechost.dll
0x00007ffb449b0000 - 0x00007ffb44ad0000 	C:\WINDOWS\System32\RPCRT4.dll
0x00007ffb45bd0000 - 0x00007ffb45d64000 	C:\WINDOWS\System32\USER32.dll
0x00007ffb44920000 - 0x00007ffb44941000 	C:\WINDOWS\System32\win32u.dll
0x00007ffb44980000 - 0x00007ffb449a6000 	C:\WINDOWS\System32\GDI32.dll
0x00007ffb44750000 - 0x00007ffb448e6000 	C:\WINDOWS\System32\gdi32full.dll
0x00007ffb444e0000 - 0x00007ffb4457e000 	C:\WINDOWS\System32\msvcp_win.dll
0x00007ffb43880000 - 0x00007ffb4397a000 	C:\WINDOWS\System32\ucrtbase.dll
0x00007ffb39b10000 - 0x00007ffb39d94000 	C:\WINDOWS\WinSxS\amd64_microsoft.windows.common-controls_6595b64144ccf1df_6.0.18362.1198_none_9e820b57e45ad92f\COMCTL32.dll
0x00007ffb46230000 - 0x00007ffb46565000 	C:\WINDOWS\System32\combase.dll
0x00007ffb446d0000 - 0x00007ffb44750000 	C:\WINDOWS\System32\bcryptPrimitives.dll
0x00007ffb44950000 - 0x00007ffb4497e000 	C:\WINDOWS\System32\IMM32.DLL
0x000000006c6c0000 - 0x000000006c792000 	D:\Andres\Downloads\Katalon_Studio_Windows_64-7.8.0\Katalon_Studio_Windows_64-7.8.0\jre\bin\msvcr100.dll
0x000000006c8a0000 - 0x000000006d142000 	D:\Andres\Downloads\Katalon_Studio_Windows_64-7.8.0\Katalon_Studio_Windows_64-7.8.0\jre\bin\server\jvm.dll
0x00007ffb45b00000 - 0x00007ffb45b08000 	C:\WINDOWS\System32\PSAPI.DLL
0x00007ffb31090000 - 0x00007ffb31099000 	C:\WINDOWS\SYSTEM32\WSOCK32.dll
0x00007ffb41230000 - 0x00007ffb41254000 	C:\WINDOWS\SYSTEM32\WINMM.dll
0x00007ffb3a0c0000 - 0x00007ffb3a0ca000 	C:\WINDOWS\SYSTEM32\VERSION.dll
0x00007ffb45df0000 - 0x00007ffb45e5f000 	C:\WINDOWS\System32\WS2_32.dll
0x00007ffb41200000 - 0x00007ffb4122d000 	C:\WINDOWS\SYSTEM32\WINMMBASE.dll
0x00007ffb43a50000 - 0x00007ffb43a9a000 	C:\WINDOWS\System32\cfgmgr32.dll
0x000000006c890000 - 0x000000006c89f000 	D:\Andres\Downloads\Katalon_Studio_Windows_64-7.8.0\Katalon_Studio_Windows_64-7.8.0\jre\bin\verify.dll
0x000000006c860000 - 0x000000006c889000 	D:\Andres\Downloads\Katalon_Studio_Windows_64-7.8.0\Katalon_Studio_Windows_64-7.8.0\jre\bin\java.dll
0x000000006c840000 - 0x000000006c856000 	D:\Andres\Downloads\Katalon_Studio_Windows_64-7.8.0\Katalon_Studio_Windows_64-7.8.0\jre\bin\zip.dll
0x00007ffb45330000 - 0x00007ffb45a17000 	C:\WINDOWS\System32\SHELL32.dll
0x00007ffb467b0000 - 0x00007ffb46859000 	C:\WINDOWS\System32\shcore.dll
0x00007ffb43d50000 - 0x00007ffb444d1000 	C:\WINDOWS\System32\windows.storage.dll
0x00007ffb437f0000 - 0x00007ffb43813000 	C:\WINDOWS\System32\profapi.dll
0x00007ffb43780000 - 0x00007ffb437ca000 	C:\WINDOWS\System32\powrprof.dll
0x00007ffb43750000 - 0x00007ffb43760000 	C:\WINDOWS\System32\UMPDC.dll
0x00007ffb46750000 - 0x00007ffb467a2000 	C:\WINDOWS\System32\shlwapi.dll
0x00007ffb43760000 - 0x00007ffb43771000 	C:\WINDOWS\System32\kernel.appcore.dll
0x00007ffb43980000 - 0x00007ffb43997000 	C:\WINDOWS\System32\cryptsp.dll
0x000000006c820000 - 0x000000006c83a000 	D:\Andres\Downloads\Katalon_Studio_Windows_64-7.8.0\Katalon_Studio_Windows_64-7.8.0\jre\bin\net.dll
0x00007ffb42f40000 - 0x00007ffb42fa7000 	C:\WINDOWS\system32\mswsock.dll
0x000000006c800000 - 0x000000006c811000 	D:\Andres\Downloads\Katalon_Studio_Windows_64-7.8.0\Katalon_Studio_Windows_64-7.8.0\jre\bin\nio.dll
0x000000006c7a0000 - 0x000000006c7ad000 	D:\Andres\Downloads\Katalon_Studio_Windows_64-7.8.0\Katalon_Studio_Windows_64-7.8.0\jre\bin\management.dll
0x000000006c7d0000 - 0x000000006c7f4000 	D:\Andres\Downloads\Katalon_Studio_Windows_64-7.8.0\Katalon_Studio_Windows_64-7.8.0\jre\bin\sunec.dll
0x00007ffb42c50000 - 0x00007ffb42c8a000 	C:\WINDOWS\SYSTEM32\IPHLPAPI.DLL
0x00007ffb45320000 - 0x00007ffb45328000 	C:\WINDOWS\System32\NSI.dll
0x00007ffb3b990000 - 0x00007ffb3b9a6000 	C:\WINDOWS\SYSTEM32\dhcpcsvc6.DLL
0x00007ffb3c740000 - 0x00007ffb3c75c000 	C:\WINDOWS\SYSTEM32\dhcpcsvc.DLL
0x00007ffb42c90000 - 0x00007ffb42d5b000 	C:\WINDOWS\SYSTEM32\DNSAPI.dll
0x00007ffb42ab0000 - 0x00007ffb42ae3000 	C:\WINDOWS\system32\rsaenh.dll
0x00007ffb448f0000 - 0x00007ffb44916000 	C:\WINDOWS\System32\bcrypt.dll
0x00007ffb43630000 - 0x00007ffb43655000 	C:\WINDOWS\SYSTEM32\USERENV.dll
0x00007ffb43110000 - 0x00007ffb4311c000 	C:\WINDOWS\SYSTEM32\CRYPTBASE.dll
0x000000006c7b0000 - 0x000000006c7bb000 	D:\Andres\Downloads\Katalon_Studio_Windows_64-7.8.0\Katalon_Studio_Windows_64-7.8.0\jre\bin\sunmscapi.dll
0x00007ffb44580000 - 0x00007ffb446c9000 	C:\WINDOWS\System32\CRYPT32.dll
0x00007ffb437d0000 - 0x00007ffb437e2000 	C:\WINDOWS\System32\MSASN1.dll
0x00007ffb37b40000 - 0x00007ffb37b4a000 	C:\Windows\System32\rasadhlp.dll
0x00007ffb3b610000 - 0x00007ffb3b687000 	C:\WINDOWS\System32\fwpuclnt.dll
0x00007ffb1c230000 - 0x00007ffb1c246000 	C:\WINDOWS\system32\napinsp.dll
0x00007ffb18e70000 - 0x00007ffb18e8a000 	C:\WINDOWS\system32\pnrpnsp.dll
0x00007ffb28fc0000 - 0x00007ffb28fce000 	C:\WINDOWS\System32\winrnr.dll
0x00007ffb3dd70000 - 0x00007ffb3dd8c000 	C:\WINDOWS\system32\NLAapi.dll
0x00007ffb2d560000 - 0x00007ffb2d575000 	C:\WINDOWS\system32\wshbth.dll

VM Arguments:
jvm_args: -Dgroovy.home=/D:/Andres/Downloads/Katalon_Studio_Windows_64-7.8.0/Katalon_Studio_Windows_64-7.8.0/plugins/org.codehaus.groovy_2.4.7.xx-201611170128-e46/ -Xmx2048m -Dfile.encoding=UTF-8 
java_command: org.codehaus.groovy.tools.GroovyStarter --classpath C:\Users\Andres\Katalon Studio\My First Web UI Project\Include\scripts\groovy;C:\Users\Andres\Katalon Studio\My First Web UI Project\Keywords;C:\Users\Andres\Katalon Studio\My First Web UI Project\Libs;C:\Users\Andres\Katalon Studio\My First Web UI Project\Test Listeners;D:\Andres\Downloads\Katalon_Studio_Windows_64-7.8.0\Katalon_Studio_Windows_64-7.8.0\configuration\org.eclipse.osgi\26\0\.cp\resources\basic-report\katalon-studio-report-plugin.jar;D:\Andres\Downloads\Katalon_Studio_Windows_64-7.8.0\Katalon_Studio_Windows_64-7.8.0\configuration\resources\lib\aalto-xml-1.0.0.jar;D:\Andres\Downloads\Katalon_Studio_Windows_64-7.8.0\Katalon_Studio_Windows_64-7.8.0\configuration\resources\lib\aspectjweaver-1.9.1.jar;D:\Andres\Downloads\Katalon_Studio_Windows_64-7.8.0\Katalon_Studio_Windows_64-7.8.0\configuration\resources\lib\bcpkix-jdk15on-1.64.jar;D:\Andres\Downloads\Katalon_Studio_Windows_64-7.8.0\Katalon_Studio_Windows_64-7.8.0\configuration\resources\lib\bcprov-jdk15on-1.64.jar;D:\Andres\Downloads\Katalon_Studio_Windows_64-7.8.0\Katalon_Studio_Windows_64-7.8.0\configuration\resources\lib\browsermob-core-2.1.5.jar;D:\Andres\Downloads\Katalon_Studio_Windows_64-7.8.0\Katalon_Studio_Windows_64-7.8.0\configuration\resources\lib\cglib-3.2.10.jar;D:\Andres\Downloads\Katalon_Studio_Windows_64-7.8.0\Katalon_Studio_Windows_64-7.8.0\configuration\resources\lib\commons-codec-1.10.jar;D:\Andres\Downloads\Katalon_Studio_Windows_64-7.8.0\Katalon_Studio_Windows_64-7.8.0\configuration\resources\lib\commons-collections4-4.1.jar;D:\Andres\Downloads\Katalon_Studio_Windows_64-7.8.0\Katalon_Studio_Windows_64-7.8.0\configuration\resources\lib\commons-validator-1.6.jar;D:\Andres\Downloads\Katalon_Studio_Windows_64-7.8.0\Katalon_Studio_Windows_64-7.8.0\configuration\resources\lib\curvesapi-1.04.jar;D:\Andres\Downloads\Katalon_Studio_Windows_64-7.8.0\Katalon_Studio_Windows_64-7.8.0\configuration\resources\lib\dnsjava-2.1.8.ja
java_class_path (initial): C:\Users\Andres\Katalon Studio\My First Web UI Project\bin\keyword;C:\Users\Andres\Katalon Studio\My First Web UI Project\bin\listener;C:\Users\Andres\Katalon Studio\My First Web UI Project\bin\lib;C:\Users\Andres\Katalon Studio\My First Web UI Project\bin\groovy;C:\Users\Andres\Katalon Studio\My First Web UI Project\bin;D:\Andres\Downloads\Katalon_Studio_Windows_64-7.8.0\Katalon_Studio_Windows_64-7.8.0\plugins\com.kms.katalon.core_1.0.0.202011250709.jar;D:\Andres\Downloads\Katalon_Studio_Windows_64-7.8.0\Katalon_Studio_Windows_64-7.8.0\configuration\resources\lib\aalto-xml-1.0.0.jar;D:\Andres\Downloads\Katalon_Studio_Windows_64-7.8.0\Katalon_Studio_Windows_64-7.8.0\configuration\resources\lib\aspectjweaver-1.9.1.jar;D:\Andres\Downloads\Katalon_Studio_Windows_64-7.8.0\Katalon_Studio_Windows_64-7.8.0\configuration\resources\lib\bcpkix-jdk15on-1.64.jar;D:\Andres\Downloads\Katalon_Studio_Windows_64-7.8.0\Katalon_Studio_Windows_64-7.8.0\configuration\resources\lib\bcprov-jdk15on-1.64.jar;D:\Andres\Downloads\Katalon_Studio_Windows_64-7.8.0\Katalon_Studio_Windows_64-7.8.0\configuration\resources\lib\browsermob-core-2.1.5.jar;D:\Andres\Downloads\Katalon_Studio_Windows_64-7.8.0\Katalon_Studio_Windows_64-7.8.0\configuration\resources\lib\cglib-3.2.10.jar;D:\Andres\Downloads\Katalon_Studio_Windows_64-7.8.0\Katalon_Studio_Windows_64-7.8.0\configuration\resources\lib\commons-codec-1.10.jar;D:\Andres\Downloads\Katalon_Studio_Windows_64-7.8.0\Katalon_Studio_Windows_64-7.8.0\configuration\resources\lib\commons-collections4-4.1.jar;D:\Andres\Downloads\Katalon_Studio_Windows_64-7.8.0\Katalon_Studio_Windows_64-7.8.0\configuration\resources\lib\commons-validator-1.6.jar;D:\Andres\Downloads\Katalon_Studio_Windows_64-7.8.0\Katalon_Studio_Windows_64-7.8.0\configuration\resources\lib\curvesapi-1.04.jar;D:\Andres\Downloads\Katalon_Studio_Windows_64-7.8.0\Katalon_Studio_Windows_64-7.8.0\configuration\resources\lib\dnsjava-2.1.8.jar;D:\Andres\Downloads\Katalon_St
Launcher Type: SUN_STANDARD

Environment Variables:
PATH=D:/Andres/Downloads/Katalon_Studio_Windows_64-7.8.0/Katalon_Studio_Windows_64-7.8.0/jre/bin/server;D:/Andres/Downloads/Katalon_Studio_Windows_64-7.8.0/Katalon_Studio_Windows_64-7.8.0/jre/bin;D:/Andres/Downloads/Katalon_Studio_Windows_64-7.8.0/Katalon_Studio_Windows_64-7.8.0/jre/lib/amd64;C:\ProgramData\Oracle\Java\javapath;C:\WINDOWS\system32;C:\WINDOWS;C:\WINDOWS\System32\Wbem;C:\WINDOWS\System32\WindowsPowerShell\v1.0\;C:\Program Files\TortoiseSVN\bin;C:\Users\Andres\AppData\Roaming\nvm;C:\Python27\;C:\Users\Andres\Documents\phalcon\phalcon-devtools\;C:\xampp\php\;C:\Users\Andres\AppData\Local\Programs\Python\Python38-32\Scripts\;C:\Users\Andres\AppData\Local\Programs\Python\Python38-32\;C:\Users\Andres\AppData\Local\Microsoft\WindowsApps;C:\adb;C:\Program Files\Java\jdk1.8.0_111\bin\jarsigner;C:\Program Files (x86)\Microsoft SQL Server Migration Assistant for MySQL\bin\;C:\Program Files (x86)\Windows Kits\8.1\Windows Performance Toolkit\;C:\WINDOWS\system32;C:\WINDOWS;C:\WINDOWS\System32\Wbem;C:\WINDOWS\System32\WindowsPowerShell\v1.0\;C:\WINDOWS\System32\OpenSSH\;C:\Program Files\OpenSSH\bin;C:\Program Files\Git\cmd;C:\ProgramData\ComposerSetup\bin;C:\cake\2.4.5\lib\Cake\Console;C:\Users\Andres\AppData\Roaming\nvm;C:\Program Files\nodejs;C:\Users\Andres\chromedriver_win32\chromedriver.exe;C:\Program Files\PuTTY\;C:\Users\Andres\AppData\Local\Programs\Python\Python38-32\Scripts\;C:\Users\Andres\AppData\Local\Programs\Python\Python38-32\;C:\Users\Andres\AppData\Local\Microsoft\WindowsApps;C:\Program Files\Java\jdk1.8.0_111\bin;C:\Users\Andres\AppData\Local\Android\sdk\build-tools\24.0.0;C:\Program Files\PostgreSQL\9.6\bin;C:\Program Files (x86)\GnuWin32\bin;C:\Program Files (x86)\Nmap;C:\Users\Andres\AppData\Roaming\Composer\vendor\bin;C:\Users\Andres\AppData\Roaming\nvm;C:\Program Files\nodejs;C:\Users\Andres\AppData\Local\Programs\Microsoft VS Code\bin;;D:\Andres\Downloads\Katalon_Studio_Windows_64-7.8.0\Katalon_Studio_Windows_64-7.8.0;
USERNAME=Andres
OS=Windows_NT
PROCESSOR_IDENTIFIER=Intel64 Family 6 Model 60 Stepping 3, GenuineIntel



---------------  S Y S T E M  ---------------

OS: Windows 10.0 , 64 bit Build 18362 (10.0.18362.1110)

CPU:total 4 (initial active 4) (2 cores per cpu, 2 threads per core) family 6 model 60 stepping 3, cmov, cx8, fxsr, mmx, sse, sse2, sse3, ssse3, sse4.1, sse4.2, popcnt, avx, avx2, aes, clmul, erms, lzcnt, ht, tsc, tscinvbit, bmi1, bmi2

Memory: 4k page, physical 8256876k(320628k free), swap 22725840k(5132k free)

vm_info: Java HotSpot(TM) 64-Bit Server VM (25.181-b13) for windows-amd64 JRE (1.8.0_181-b13), built on Jul  7 2018 04:01:33 by "java_re" with MS VC++ 10.0 (VS2010)

time: Fri Nov 27 10:07:04 2020
elapsed time: 12 seconds (0d 0h 0m 12s)

